<?xml version="1.0" encoding="UTF-8"?>
<testng-results ignored="0" total="8" passed="8" failed="0" skipped="0">
  <reporter-output>
  </reporter-output>
  <suite started-at="2021-06-24T10:58:59Z" name="Default suite" finished-at="2021-06-24T10:59:01Z" duration-ms="2579">
    <groups>
      <group name="cucumber">
        <method signature="AbstractTestNGCucumberTests.runScenario(io.cucumber.testng.PickleWrapper, io.cucumber.testng.FeatureWrapper)[pri:0, instance:runners.TaggedRunner@ca263c2]" name="runScenario" class="io.cucumber.testng.AbstractTestNGCucumberTests"/>
      </group> <!-- cucumber -->
    </groups>
    <test started-at="2021-06-24T10:58:59Z" name="Default test" finished-at="2021-06-24T10:59:01Z" duration-ms="2579">
      <class name="runners.TaggedRunner">
        <test-method is-config="true" signature="setUpClass()[pri:0, instance:runners.TaggedRunner@ca263c2]" started-at="2021-06-24T16:28:59Z" name="setUpClass" finished-at="2021-06-24T16:28:59Z" duration-ms="270" status="PASS">
          <reporter-output>
          </reporter-output>
        </test-method> <!-- setUpClass -->
        <test-method signature="runScenario(io.cucumber.testng.PickleWrapper, io.cucumber.testng.FeatureWrapper)[pri:0, instance:runners.TaggedRunner@ca263c2]" started-at="2021-06-24T16:28:59Z" name="runScenario" description="Runs Cucumber Scenarios" data-provider="scenarios" finished-at="2021-06-24T16:28:59Z" duration-ms="105" status="PASS">
          <params>
            <param index="0">
              <value>
                <![CDATA["Create a new Contact"]]>
              </value>
            </param>
            <param index="1">
              <value>
                <![CDATA["Optional[CRM ModuleOne Feature]"]]>
              </value>
            </param>
          </params>
          <reporter-output>
          </reporter-output>
        </test-method> <!-- runScenario -->
        <test-method signature="runScenario(io.cucumber.testng.PickleWrapper, io.cucumber.testng.FeatureWrapper)[pri:0, instance:runners.TaggedRunner@ca263c2]" started-at="2021-06-24T16:28:59Z" name="runScenario" description="Runs Cucumber Scenarios" data-provider="scenarios" finished-at="2021-06-24T16:28:59Z" duration-ms="11" status="PASS">
          <params>
            <param index="0">
              <value>
                <![CDATA["Update a  Contact"]]>
              </value>
            </param>
            <param index="1">
              <value>
                <![CDATA["Optional[CRM ModuleOne Feature]"]]>
              </value>
            </param>
          </params>
          <reporter-output>
          </reporter-output>
        </test-method> <!-- runScenario -->
        <test-method signature="runScenario(io.cucumber.testng.PickleWrapper, io.cucumber.testng.FeatureWrapper)[pri:0, instance:runners.TaggedRunner@ca263c2]" started-at="2021-06-24T16:28:59Z" name="runScenario" description="Runs Cucumber Scenarios" data-provider="scenarios" finished-at="2021-06-24T16:28:59Z" duration-ms="14" status="PASS">
          <params>
            <param index="0">
              <value>
                <![CDATA["Create a new Companies"]]>
              </value>
            </param>
            <param index="1">
              <value>
                <![CDATA["Optional[CRM ModuleOne Feature]"]]>
              </value>
            </param>
          </params>
          <reporter-output>
          </reporter-output>
        </test-method> <!-- runScenario -->
        <test-method signature="runScenario(io.cucumber.testng.PickleWrapper, io.cucumber.testng.FeatureWrapper)[pri:0, instance:runners.TaggedRunner@ca263c2]" started-at="2021-06-24T16:28:59Z" name="runScenario" description="Runs Cucumber Scenarios" data-provider="scenarios" finished-at="2021-06-24T16:28:59Z" duration-ms="7" status="PASS">
          <params>
            <param index="0">
              <value>
                <![CDATA["Update a Companies"]]>
              </value>
            </param>
            <param index="1">
              <value>
                <![CDATA["Optional[CRM ModuleOne Feature]"]]>
              </value>
            </param>
          </params>
          <reporter-output>
          </reporter-output>
        </test-method> <!-- runScenario -->
        <test-method signature="runScenario(io.cucumber.testng.PickleWrapper, io.cucumber.testng.FeatureWrapper)[pri:0, instance:runners.TaggedRunner@ca263c2]" started-at="2021-06-24T16:28:59Z" name="runScenario" description="Runs Cucumber Scenarios" data-provider="scenarios" finished-at="2021-06-24T16:28:59Z" duration-ms="7" status="PASS">
          <params>
            <param index="0">
              <value>
                <![CDATA["Create a new Deals"]]>
              </value>
            </param>
            <param index="1">
              <value>
                <![CDATA["Optional[CRM ModuleOne Feature]"]]>
              </value>
            </param>
          </params>
          <reporter-output>
          </reporter-output>
        </test-method> <!-- runScenario -->
        <test-method signature="runScenario(io.cucumber.testng.PickleWrapper, io.cucumber.testng.FeatureWrapper)[pri:0, instance:runners.TaggedRunner@ca263c2]" started-at="2021-06-24T16:28:59Z" name="runScenario" description="Runs Cucumber Scenarios" data-provider="scenarios" finished-at="2021-06-24T16:28:59Z" duration-ms="7" status="PASS">
          <params>
            <param index="0">
              <value>
                <![CDATA["Update a  Deals"]]>
              </value>
            </param>
            <param index="1">
              <value>
                <![CDATA["Optional[CRM ModuleOne Feature]"]]>
              </value>
            </param>
          </params>
          <reporter-output>
          </reporter-output>
        </test-method> <!-- runScenario -->
        <test-method signature="runScenario(io.cucumber.testng.PickleWrapper, io.cucumber.testng.FeatureWrapper)[pri:0, instance:runners.TaggedRunner@ca263c2]" started-at="2021-06-24T16:28:59Z" name="runScenario" description="Runs Cucumber Scenarios" data-provider="scenarios" finished-at="2021-06-24T16:28:59Z" duration-ms="6" status="PASS">
          <params>
            <param index="0">
              <value>
                <![CDATA["Create a new Tasks"]]>
              </value>
            </param>
            <param index="1">
              <value>
                <![CDATA["Optional[CRM Module Two Feature]"]]>
              </value>
            </param>
          </params>
          <reporter-output>
          </reporter-output>
        </test-method> <!-- runScenario -->
        <test-method signature="runScenario(io.cucumber.testng.PickleWrapper, io.cucumber.testng.FeatureWrapper)[pri:0, instance:runners.TaggedRunner@ca263c2]" started-at="2021-06-24T16:28:59Z" name="runScenario" description="Runs Cucumber Scenarios" data-provider="scenarios" finished-at="2021-06-24T16:28:59Z" duration-ms="8" status="PASS">
          <params>
            <param index="0">
              <value>
                <![CDATA["Update a  Taks"]]>
              </value>
            </param>
            <param index="1">
              <value>
                <![CDATA["Optional[CRM Module Two Feature]"]]>
              </value>
            </param>
          </params>
          <reporter-output>
          </reporter-output>
        </test-method> <!-- runScenario -->
        <test-method is-config="true" signature="tearDownClass()[pri:0, instance:runners.TaggedRunner@ca263c2]" started-at="2021-06-24T16:28:59Z" name="tearDownClass" finished-at="2021-06-24T16:29:01Z" duration-ms="2129" status="PASS">
          <reporter-output>
          </reporter-output>
        </test-method> <!-- tearDownClass -->
      </class> <!-- runners.TaggedRunner -->
    </test> <!-- Default test -->
  </suite> <!-- Default suite -->
</testng-results>
